Using pre-set license
Built from '2020.3/staging' branch; Version is '2020.3.3f1 (76626098c1c4) revision 7758432'; Using compiler version '192528614'; Build Type 'Release'
OS: 'Windows 10 Pro; OS build 19042.1052; Version 2009; 64bit' Language: 'en' Physical Memory: 49084 MB
BatchMode: 1, IsHumanControllingUs: 0, StartBugReporterOnCrash: 0, Is64bit: 1, IsPro: 0

 COMMAND LINE ARGUMENTS:
C:\Program Files\Unity\Hub\Editor\2020.3.3f1\Editor\Unity.exe
-adb2
-batchMode
-noUpm
-name
AssetImportWorker0
-projectPath
C:/Users/Katie/Documents/Capstone/AncientPuzzles
-logFile
Logs/AssetImportWorker0.log
-srvPort
60974
Successfully changed project path to: C:/Users/Katie/Documents/Capstone/AncientPuzzles
C:/Users/Katie/Documents/Capstone/AncientPuzzles
Using Asset Import Pipeline V2.
Refreshing native plugins compatible for Editor in 28.86 ms, found 0 plugins.
Preloading 0 native plugins for Editor in 0.00 ms.
Initialize engine version: 2020.3.3f1 (76626098c1c4)
[Subsystems] Discovering subsystems at path C:/Program Files/Unity/Hub/Editor/2020.3.3f1/Editor/Data/Resources/UnitySubsystems
[Subsystems] Discovering subsystems at path C:/Users/Katie/Documents/Capstone/AncientPuzzles/Assets
GfxDevice: creating device client; threaded=0
Direct3D:
    Version:  Direct3D 11.0 [level 11.1]
    Renderer: NVIDIA GeForce RTX 2060 (ID=0x1e89)
    Vendor:   
    VRAM:     5967 MB
    Driver:   27.21.14.5751
Initialize mono
Mono path[0] = 'C:/Program Files/Unity/Hub/Editor/2020.3.3f1/Editor/Data/Managed'
Mono path[1] = 'C:/Program Files/Unity/Hub/Editor/2020.3.3f1/Editor/Data/MonoBleedingEdge/lib/mono/unityjit'
Mono config path = 'C:/Program Files/Unity/Hub/Editor/2020.3.3f1/Editor/Data/MonoBleedingEdge/etc'
Using monoOptions --debugger-agent=transport=dt_socket,embedding=1,server=y,suspend=n,address=127.0.0.1:56304
Begin MonoManager ReloadAssembly
Registering precompiled unity dll's ...
Register platform support module: C:/Program Files/Unity/Hub/Editor/2020.3.3f1/Editor/Data/PlaybackEngines/WindowsStandaloneSupport/UnityEditor.WindowsStandalone.Extensions.dll
Registered in 0.002853 seconds.
Native extension for WindowsStandalone target not found
Refreshing native plugins compatible for Editor in 29.37 ms, found 0 plugins.
Preloading 0 native plugins for Editor in 0.00 ms.
Invoked RoslynAnalysisRunner static constructor.
RoslynAnalysisRunner will not be running.
RoslynAnalysisRunner has terminated.
Mono: successfully reloaded assembly
- Completed reload, in  1.405 seconds
Platform modules already initialized, skipping
Registering precompiled user dll's ...
Registered in 0.000879 seconds.
Begin MonoManager ReloadAssembly
Native extension for WindowsStandalone target not found
Refreshing native plugins compatible for Editor in 0.26 ms, found 0 plugins.
Preloading 0 native plugins for Editor in 0.00 ms.
Invoked RoslynAnalysisRunner static constructor.
RoslynAnalysisRunner will not be running.
RoslynAnalysisRunner has terminated.
Mono: successfully reloaded assembly
- Completed reload, in  1.063 seconds
Platform modules already initialized, skipping
========================================================================
Worker process is ready to serve import requests
Launched and connected shader compiler UnityShaderCompiler.exe after 0.05 seconds
Refreshing native plugins compatible for Editor in 0.26 ms, found 0 plugins.
Preloading 0 native plugins for Editor in 0.00 ms.
Unloading 1169 Unused Serialized files (Serialized files now loaded: 0)
System memory in use before: 60.5 MB.
System memory in use after: 60.5 MB.

Unloading 9 unused Assets to reduce memory usage. Loaded Objects now: 1613.
Total: 2.128400 ms (FindLiveObjects: 0.172700 ms CreateObjectMapping: 0.034800 ms MarkObjects: 1.834500 ms  DeleteObjects: 0.085200 ms)

========================================================================
Received Import Request.
  path: Assets/Sprites/PuzzleImages/iroukaptah_cm_133.jpg
  artifactKey: Guid(a6049e7960675f34b8c3eca91d371758) Importer(815301076,1909f56bfc062723c751e8b465ee728b)
Start importing Assets/Sprites/PuzzleImages/iroukaptah_cm_133.jpg using Guid(a6049e7960675f34b8c3eca91d371758) Importer(815301076,1909f56bfc062723c751e8b465ee728b)  -> (artifact id: '7464c134b3835e0abdc8d91669f22e47') in 0.100997 seconds
  Import took 0.103380 seconds .

========================================================================
Received Import Request.
  Time since last request: 0.000259 seconds.
  path: Assets/Sprites/PuzzleImages/sennedjem_od_01.jpg
  artifactKey: Guid(46cbf2ff428c8fd48a6b432d1e2085f3) Importer(815301076,1909f56bfc062723c751e8b465ee728b)
Start importing Assets/Sprites/PuzzleImages/sennedjem_od_01.jpg using Guid(46cbf2ff428c8fd48a6b432d1e2085f3) Importer(815301076,1909f56bfc062723c751e8b465ee728b)  -> (artifact id: 'ed99dd902c932673a18d0fff281298d3') in 0.015956 seconds
  Import took 0.018295 seconds .

========================================================================
Received Import Request.
  Time since last request: 6.690950 seconds.
  path: Assets/Sprites/PuzzleImages/iroukaptah_cm_133.jpg
  artifactKey: Guid(a6049e7960675f34b8c3eca91d371758) Importer(815301076,1909f56bfc062723c751e8b465ee728b)
Start importing Assets/Sprites/PuzzleImages/iroukaptah_cm_133.jpg using Guid(a6049e7960675f34b8c3eca91d371758) Importer(815301076,1909f56bfc062723c751e8b465ee728b)  -> (artifact id: '2d6ab351c8d49ff4a912a05184d1c7f4') in 0.058589 seconds
  Import took 0.061033 seconds .

========================================================================
Received Import Request.
  Time since last request: 5.909493 seconds.
  path: Assets/Sprites/PuzzleImages/sennedjem_od_01.jpg
  artifactKey: Guid(46cbf2ff428c8fd48a6b432d1e2085f3) Importer(815301076,1909f56bfc062723c751e8b465ee728b)
Start importing Assets/Sprites/PuzzleImages/sennedjem_od_01.jpg using Guid(46cbf2ff428c8fd48a6b432d1e2085f3) Importer(815301076,1909f56bfc062723c751e8b465ee728b)  -> (artifact id: '1de314627d84ec7c6683ca08eb063268') in 0.027031 seconds
  Import took 0.029480 seconds .

========================================================================
Received Prepare
Registering precompiled user dll's ...
Registered in 0.000930 seconds.
Begin MonoManager ReloadAssembly
Native extension for WindowsStandalone target not found
Refreshing native plugins compatible for Editor in 0.27 ms, found 0 plugins.
Preloading 0 native plugins for Editor in 0.00 ms.
Invoked RoslynAnalysisRunner static constructor.
RoslynAnalysisRunner will not be running.
RoslynAnalysisRunner has terminated.
Mono: successfully reloaded assembly
- Completed reload, in  0.943 seconds
Platform modules already initialized, skipping
Refreshing native plugins compatible for Editor in 0.26 ms, found 0 plugins.
Preloading 0 native plugins for Editor in 0.00 ms.
Unloading 1151 Unused Serialized files (Serialized files now loaded: 0)
System memory in use before: 62.2 MB.
System memory in use after: 62.3 MB.

Unloading 5 unused Assets to reduce memory usage. Loaded Objects now: 1622.
Total: 2.067100 ms (FindLiveObjects: 0.173500 ms CreateObjectMapping: 0.032000 ms MarkObjects: 1.790000 ms  DeleteObjects: 0.070200 ms)

========================================================================
Received Import Request.
  Time since last request: 56.197023 seconds.
  path: Assets/Sprites/PuzzleImages/sennedjem_od_01.jpg
  artifactKey: Guid(46cbf2ff428c8fd48a6b432d1e2085f3) Importer(815301076,1909f56bfc062723c751e8b465ee728b)
Start importing Assets/Sprites/PuzzleImages/sennedjem_od_01.jpg using Guid(46cbf2ff428c8fd48a6b432d1e2085f3) Importer(815301076,1909f56bfc062723c751e8b465ee728b)  -> (artifact id: '6d78fe61f523fc21d663b0dc90860fb7') in 0.068001 seconds
  Import took 0.071710 seconds .

========================================================================
Received Import Request.
  Time since last request: 4.646533 seconds.
  path: Assets/Sprites/PuzzleImages/iroukaptah_cm_133.jpg
  artifactKey: Guid(a6049e7960675f34b8c3eca91d371758) Importer(815301076,1909f56bfc062723c751e8b465ee728b)
Start importing Assets/Sprites/PuzzleImages/iroukaptah_cm_133.jpg using Guid(a6049e7960675f34b8c3eca91d371758) Importer(815301076,1909f56bfc062723c751e8b465ee728b)  -> (artifact id: '33590a4def4c83081f3329b3a4730475') in 0.024950 seconds
  Import took 0.027477 seconds .

========================================================================
Received Prepare
Registering precompiled user dll's ...
Registered in 0.001095 seconds.
Begin MonoManager ReloadAssembly
Native extension for WindowsStandalone target not found
Refreshing native plugins compatible for Editor in 0.47 ms, found 0 plugins.
Preloading 0 native plugins for Editor in 0.00 ms.
Invoked RoslynAnalysisRunner static constructor.
RoslynAnalysisRunner will not be running.
RoslynAnalysisRunner has terminated.
Mono: successfully reloaded assembly
- Completed reload, in  1.003 seconds
Platform modules already initialized, skipping
Refreshing native plugins compatible for Editor in 0.27 ms, found 0 plugins.
Preloading 0 native plugins for Editor in 0.00 ms.
Unloading 1151 Unused Serialized files (Serialized files now loaded: 0)
System memory in use before: 62.2 MB.
System memory in use after: 62.3 MB.

Unloading 5 unused Assets to reduce memory usage. Loaded Objects now: 1626.
Total: 2.270600 ms (FindLiveObjects: 0.208200 ms CreateObjectMapping: 0.036900 ms MarkObjects: 1.954000 ms  DeleteObjects: 0.070200 ms)

========================================================================
Received Import Request.
  Time since last request: 207.580048 seconds.
  path: Assets/Sprites/PuzzleImages/Tomb-of-Amenherkhepshef.jpg
  artifactKey: Guid(7ff6f6c16209f984cb39da377948a5d6) Importer(815301076,1909f56bfc062723c751e8b465ee728b)
Start importing Assets/Sprites/PuzzleImages/Tomb-of-Amenherkhepshef.jpg using Guid(7ff6f6c16209f984cb39da377948a5d6) Importer(815301076,1909f56bfc062723c751e8b465ee728b)  -> (artifact id: 'c6dc60b7609a807b7c16847637a43fb6') in 0.045896 seconds
  Import took 0.048357 seconds .

========================================================================
Received Import Request.
  Time since last request: 12.656335 seconds.
  path: Assets/Sprites/PuzzleImages/Tomb-of-Amenherkhepshef.jpg
  artifactKey: Guid(7ff6f6c16209f984cb39da377948a5d6) Importer(815301076,1909f56bfc062723c751e8b465ee728b)
Start importing Assets/Sprites/PuzzleImages/Tomb-of-Amenherkhepshef.jpg using Guid(7ff6f6c16209f984cb39da377948a5d6) Importer(815301076,1909f56bfc062723c751e8b465ee728b)  -> (artifact id: 'ab2f5968b2b93608dc514ac9cb6bd0e3') in 0.056007 seconds
  Import took 0.058602 seconds .

========================================================================
Received Prepare
Registering precompiled user dll's ...
Registered in 0.000918 seconds.
Begin MonoManager ReloadAssembly
Native extension for WindowsStandalone target not found
Refreshing native plugins compatible for Editor in 0.29 ms, found 0 plugins.
Preloading 0 native plugins for Editor in 0.00 ms.
Invoked RoslynAnalysisRunner static constructor.
RoslynAnalysisRunner will not be running.
RoslynAnalysisRunner has terminated.
Mono: successfully reloaded assembly
- Completed reload, in  1.002 seconds
Platform modules already initialized, skipping
Refreshing native plugins compatible for Editor in 0.27 ms, found 0 plugins.
Preloading 0 native plugins for Editor in 0.00 ms.
Unloading 1151 Unused Serialized files (Serialized files now loaded: 0)
System memory in use before: 62.3 MB.
System memory in use after: 62.3 MB.

Unloading 5 unused Assets to reduce memory usage. Loaded Objects now: 1630.
Total: 2.312100 ms (FindLiveObjects: 0.271800 ms CreateObjectMapping: 0.033000 ms MarkObjects: 1.932900 ms  DeleteObjects: 0.072800 ms)

========================================================================
Received Import Request.
  Time since last request: 68.896186 seconds.
  path: Assets/Sprites/PuzzleImages/Tomb-of-Amenherkhepshef.jpg
  artifactKey: Guid(7ff6f6c16209f984cb39da377948a5d6) Importer(815301076,1909f56bfc062723c751e8b465ee728b)
Start importing Assets/Sprites/PuzzleImages/Tomb-of-Amenherkhepshef.jpg using Guid(7ff6f6c16209f984cb39da377948a5d6) Importer(815301076,1909f56bfc062723c751e8b465ee728b)  -> (artifact id: '02416b49584500774402143b0515f4e9') in 0.071837 seconds
  Import took 0.074718 seconds .

========================================================================
Received Prepare
Registering precompiled user dll's ...
Registered in 0.000851 seconds.
Begin MonoManager ReloadAssembly
Native extension for WindowsStandalone target not found
Refreshing native plugins compatible for Editor in 0.34 ms, found 0 plugins.
Preloading 0 native plugins for Editor in 0.00 ms.
Invoked RoslynAnalysisRunner static constructor.
RoslynAnalysisRunner will not be running.
RoslynAnalysisRunner has terminated.
Mono: successfully reloaded assembly
- Completed reload, in  0.970 seconds
Platform modules already initialized, skipping
Refreshing native plugins compatible for Editor in 0.26 ms, found 0 plugins.
Preloading 0 native plugins for Editor in 0.00 ms.
Unloading 1151 Unused Serialized files (Serialized files now loaded: 0)
System memory in use before: 62.3 MB.
System memory in use after: 62.4 MB.

Unloading 5 unused Assets to reduce memory usage. Loaded Objects now: 1634.
Total: 1.930100 ms (FindLiveObjects: 0.176100 ms CreateObjectMapping: 0.031900 ms MarkObjects: 1.653300 ms  DeleteObjects: 0.067800 ms)

========================================================================
Received Import Request.
  Time since last request: 29.436012 seconds.
  path: Assets/Sprites/PuzzleImages/Tomb-of-Amenherkhepshef.jpg
  artifactKey: Guid(7ff6f6c16209f984cb39da377948a5d6) Importer(815301076,1909f56bfc062723c751e8b465ee728b)
Start importing Assets/Sprites/PuzzleImages/Tomb-of-Amenherkhepshef.jpg using Guid(7ff6f6c16209f984cb39da377948a5d6) Importer(815301076,1909f56bfc062723c751e8b465ee728b)  -> (artifact id: '450552b076af348a822bea9eab5004f7') in 0.065520 seconds
  Import took 0.068024 seconds .

========================================================================
Received Prepare
Registering precompiled user dll's ...
Registered in 0.000940 seconds.
Begin MonoManager ReloadAssembly
Native extension for WindowsStandalone target not found
Refreshing native plugins compatible for Editor in 0.28 ms, found 0 plugins.
Preloading 0 native plugins for Editor in 0.00 ms.
Invoked RoslynAnalysisRunner static constructor.
RoslynAnalysisRunner will not be running.
RoslynAnalysisRunner has terminated.
Mono: successfully reloaded assembly
- Completed reload, in  1.006 seconds
Platform modules already initialized, skipping
Refreshing native plugins compatible for Editor in 0.31 ms, found 0 plugins.
Preloading 0 native plugins for Editor in 0.00 ms.
Unloading 1151 Unused Serialized files (Serialized files now loaded: 0)
System memory in use before: 62.3 MB.
System memory in use after: 62.4 MB.

Unloading 5 unused Assets to reduce memory usage. Loaded Objects now: 1638.
Total: 2.209300 ms (FindLiveObjects: 0.198300 ms CreateObjectMapping: 0.032300 ms MarkObjects: 1.908700 ms  DeleteObjects: 0.068300 ms)

========================================================================
Received Import Request.
  Time since last request: 25.932222 seconds.
  path: Assets/Sprites/PuzzleImages/Tomb-of-Amenherkhepshef.jpg
  artifactKey: Guid(7ff6f6c16209f984cb39da377948a5d6) Importer(815301076,1909f56bfc062723c751e8b465ee728b)
Start importing Assets/Sprites/PuzzleImages/Tomb-of-Amenherkhepshef.jpg using Guid(7ff6f6c16209f984cb39da377948a5d6) Importer(815301076,1909f56bfc062723c751e8b465ee728b)  -> (artifact id: '6e21c4b7cf85afe40dcd76d7c7350fd8') in 0.066295 seconds
  Import took 0.069382 seconds .

========================================================================
Received Import Request.
  Time since last request: 34.551078 seconds.
  path: Assets/Sprites/PuzzleImages/Tomb-of-Amenherkhepshef.jpg
  artifactKey: Guid(7ff6f6c16209f984cb39da377948a5d6) Importer(815301076,1909f56bfc062723c751e8b465ee728b)
Start importing Assets/Sprites/PuzzleImages/Tomb-of-Amenherkhepshef.jpg using Guid(7ff6f6c16209f984cb39da377948a5d6) Importer(815301076,1909f56bfc062723c751e8b465ee728b)  -> (artifact id: '06065d0ef752397f50f934ca28fe704c') in 0.019804 seconds
  Import took 0.022278 seconds .

========================================================================
Received Prepare
Registering precompiled user dll's ...
Registered in 0.000910 seconds.
Begin MonoManager ReloadAssembly
Native extension for WindowsStandalone target not found
Refreshing native plugins compatible for Editor in 0.29 ms, found 0 plugins.
Preloading 0 native plugins for Editor in 0.00 ms.
Invoked RoslynAnalysisRunner static constructor.
RoslynAnalysisRunner will not be running.
RoslynAnalysisRunner has terminated.
Mono: successfully reloaded assembly
- Completed reload, in  0.942 seconds
Platform modules already initialized, skipping
Refreshing native plugins compatible for Editor in 0.26 ms, found 0 plugins.
Preloading 0 native plugins for Editor in 0.00 ms.
Unloading 1151 Unused Serialized files (Serialized files now loaded: 0)
System memory in use before: 62.3 MB.
System memory in use after: 62.4 MB.

Unloading 5 unused Assets to reduce memory usage. Loaded Objects now: 1644.
Total: 1.919100 ms (FindLiveObjects: 0.202600 ms CreateObjectMapping: 0.037900 ms MarkObjects: 1.610000 ms  DeleteObjects: 0.067500 ms)

========================================================================
Received Import Request.
  Time since last request: 445.847156 seconds.
  path: Assets/Sprites/PuzzleImages/Tomb-of-Amenherkhepshef.jpg
  artifactKey: Guid(7ff6f6c16209f984cb39da377948a5d6) Importer(815301076,1909f56bfc062723c751e8b465ee728b)
Start importing Assets/Sprites/PuzzleImages/Tomb-of-Amenherkhepshef.jpg using Guid(7ff6f6c16209f984cb39da377948a5d6) Importer(815301076,1909f56bfc062723c751e8b465ee728b)  -> (artifact id: '06c6a0ecb79944489ab05c58bbf91847') in 0.048878 seconds
  Import took 0.051530 seconds .

========================================================================
Received Import Request.
  Time since last request: 11.344514 seconds.
  path: Assets/Sprites/PuzzleImages/Tomb-of-Amenherkhepshef.jpg
  artifactKey: Guid(7ff6f6c16209f984cb39da377948a5d6) Importer(815301076,1909f56bfc062723c751e8b465ee728b)
Start importing Assets/Sprites/PuzzleImages/Tomb-of-Amenherkhepshef.jpg using Guid(7ff6f6c16209f984cb39da377948a5d6) Importer(815301076,1909f56bfc062723c751e8b465ee728b)  -> (artifact id: 'b9b888c95b1671350d14738350b7b152') in 0.038193 seconds
  Import took 0.040658 seconds .

========================================================================
Received Prepare
Registering precompiled user dll's ...
Registered in 0.000859 seconds.
Begin MonoManager ReloadAssembly
Native extension for WindowsStandalone target not found
Refreshing native plugins compatible for Editor in 0.26 ms, found 0 plugins.
Preloading 0 native plugins for Editor in 0.00 ms.
Invoked RoslynAnalysisRunner static constructor.
RoslynAnalysisRunner will not be running.
RoslynAnalysisRunner has terminated.
Mono: successfully reloaded assembly
- Completed reload, in  1.008 seconds
Platform modules already initialized, skipping
Refreshing native plugins compatible for Editor in 0.37 ms, found 0 plugins.
Preloading 0 native plugins for Editor in 0.00 ms.
Unloading 1151 Unused Serialized files (Serialized files now loaded: 0)
System memory in use before: 62.3 MB.
System memory in use after: 62.4 MB.

Unloading 5 unused Assets to reduce memory usage. Loaded Objects now: 1648.
Total: 2.405300 ms (FindLiveObjects: 0.237400 ms CreateObjectMapping: 0.034800 ms MarkObjects: 2.053900 ms  DeleteObjects: 0.077800 ms)

========================================================================
Received Import Request.
  Time since last request: 452.082391 seconds.
  path: Assets/Sprites/PuzzleImages/sennedjem_entrywall_e.jpg
  artifactKey: Guid(7f490a8dc89c4d843845eb264e1f745b) Importer(815301076,1909f56bfc062723c751e8b465ee728b)
Start importing Assets/Sprites/PuzzleImages/sennedjem_entrywall_e.jpg using Guid(7f490a8dc89c4d843845eb264e1f745b) Importer(815301076,1909f56bfc062723c751e8b465ee728b)  -> (artifact id: '9c7c02ea5e2de8ce97f300ad6ac569f1') in 0.052426 seconds
  Import took 0.055634 seconds .

========================================================================
Received Import Request.
  Time since last request: 1.867846 seconds.
  path: Assets/Sprites/PuzzleImages/sennedjem_od_01.jpg
  artifactKey: Guid(46cbf2ff428c8fd48a6b432d1e2085f3) Importer(815301076,1909f56bfc062723c751e8b465ee728b)
Start importing Assets/Sprites/PuzzleImages/sennedjem_od_01.jpg using Guid(46cbf2ff428c8fd48a6b432d1e2085f3) Importer(815301076,1909f56bfc062723c751e8b465ee728b)  -> (artifact id: '1dc29efeafd9bf609d2cf055e966203e') in 0.017084 seconds
  Import took 0.019772 seconds .

========================================================================
Received Import Request.
  Time since last request: 0.003417 seconds.
  path: Assets/Sprites/PuzzleImages/sennedjem_od_01.jpg
  artifactKey: Guid(46cbf2ff428c8fd48a6b432d1e2085f3) Importer(815301076,1909f56bfc062723c751e8b465ee728b)
Start importing Assets/Sprites/PuzzleImages/sennedjem_od_01.jpg using Guid(46cbf2ff428c8fd48a6b432d1e2085f3) Importer(815301076,1909f56bfc062723c751e8b465ee728b)  -> (artifact id: '1dc29efeafd9bf609d2cf055e966203e') in 0.013358 seconds
  Import took 0.016208 seconds .

========================================================================
Received Import Request.
  Time since last request: 1.582176 seconds.
  path: Assets/Sprites/PuzzleImages/sennedjem_se_03.jpg
  artifactKey: Guid(729b7754a9da16c45964057d909ff3d2) Importer(815301076,1909f56bfc062723c751e8b465ee728b)
Start importing Assets/Sprites/PuzzleImages/sennedjem_se_03.jpg using Guid(729b7754a9da16c45964057d909ff3d2) Importer(815301076,1909f56bfc062723c751e8b465ee728b)  -> (artifact id: 'aa6ef561804fd53cc737ddd55d632e7b') in 0.015009 seconds
  Import took 0.018047 seconds .

========================================================================
Received Import Request.
  Time since last request: 8.773644 seconds.
  path: Assets/Sprites/PuzzleImages/sennedjem_entrywall_e.jpg
  artifactKey: Guid(7f490a8dc89c4d843845eb264e1f745b) Importer(815301076,1909f56bfc062723c751e8b465ee728b)
Start importing Assets/Sprites/PuzzleImages/sennedjem_entrywall_e.jpg using Guid(7f490a8dc89c4d843845eb264e1f745b) Importer(815301076,1909f56bfc062723c751e8b465ee728b)  -> (artifact id: '76709f9622624315aa74fbd6de81b7be') in 0.040436 seconds
  Import took 0.043136 seconds .

========================================================================
Received Import Request.
  Time since last request: 5.243714 seconds.
  path: Assets/Sprites/PuzzleImages/sennedjem_od_01.jpg
  artifactKey: Guid(46cbf2ff428c8fd48a6b432d1e2085f3) Importer(815301076,1909f56bfc062723c751e8b465ee728b)
Start importing Assets/Sprites/PuzzleImages/sennedjem_od_01.jpg using Guid(46cbf2ff428c8fd48a6b432d1e2085f3) Importer(815301076,1909f56bfc062723c751e8b465ee728b)  -> (artifact id: 'fb21c5a1b3d3c9f568ba87004670e649') in 0.025341 seconds
  Import took 0.028048 seconds .

========================================================================
Received Import Request.
  Time since last request: 4.586663 seconds.
  path: Assets/Sprites/PuzzleImages/sennedjem_se_03.jpg
  artifactKey: Guid(729b7754a9da16c45964057d909ff3d2) Importer(815301076,1909f56bfc062723c751e8b465ee728b)
Start importing Assets/Sprites/PuzzleImages/sennedjem_se_03.jpg using Guid(729b7754a9da16c45964057d909ff3d2) Importer(815301076,1909f56bfc062723c751e8b465ee728b)  -> (artifact id: 'da3063916795172ed40174167eb7abbf') in 0.026405 seconds
  Import took 0.028978 seconds .

========================================================================
Received Prepare
Registering precompiled user dll's ...
Registered in 0.000928 seconds.
Begin MonoManager ReloadAssembly
Native extension for WindowsStandalone target not found
Refreshing native plugins compatible for Editor in 0.36 ms, found 0 plugins.
Preloading 0 native plugins for Editor in 0.00 ms.
Invoked RoslynAnalysisRunner static constructor.
RoslynAnalysisRunner will not be running.
RoslynAnalysisRunner has terminated.
Mono: successfully reloaded assembly
- Completed reload, in  0.985 seconds
Platform modules already initialized, skipping
Refreshing native plugins compatible for Editor in 0.31 ms, found 0 plugins.
Preloading 0 native plugins for Editor in 0.00 ms.
Unloading 1151 Unused Serialized files (Serialized files now loaded: 0)
System memory in use before: 62.3 MB.
System memory in use after: 62.4 MB.

Unloading 5 unused Assets to reduce memory usage. Loaded Objects now: 1652.
Total: 2.216500 ms (FindLiveObjects: 0.198400 ms CreateObjectMapping: 0.033900 ms MarkObjects: 1.912100 ms  DeleteObjects: 0.070300 ms)

========================================================================
Received Prepare
Registering precompiled user dll's ...
Registered in 0.000946 seconds.
Begin MonoManager ReloadAssembly
Native extension for WindowsStandalone target not found
Refreshing native plugins compatible for Editor in 0.27 ms, found 0 plugins.
Preloading 0 native plugins for Editor in 0.00 ms.
Invoked RoslynAnalysisRunner static constructor.
RoslynAnalysisRunner will not be running.
RoslynAnalysisRunner has terminated.
Mono: successfully reloaded assembly
- Completed reload, in  0.944 seconds
Platform modules already initialized, skipping
Refreshing native plugins compatible for Editor in 0.27 ms, found 0 plugins.
Preloading 0 native plugins for Editor in 0.00 ms.
Unloading 1151 Unused Serialized files (Serialized files now loaded: 0)
System memory in use before: 62.3 MB.
System memory in use after: 62.4 MB.

Unloading 5 unused Assets to reduce memory usage. Loaded Objects now: 1655.
Total: 2.506400 ms (FindLiveObjects: 0.280900 ms CreateObjectMapping: 0.056300 ms MarkObjects: 2.076000 ms  DeleteObjects: 0.091800 ms)

========================================================================
Received Import Request.
  Time since last request: 594.268591 seconds.
  path: Assets/Sprites/PuzzleImages/sennedjem_entrywall_e.jpg
  artifactKey: Guid(7f490a8dc89c4d843845eb264e1f745b) Importer(815301076,1909f56bfc062723c751e8b465ee728b)
Start importing Assets/Sprites/PuzzleImages/sennedjem_entrywall_e.jpg using Guid(7f490a8dc89c4d843845eb264e1f745b) Importer(815301076,1909f56bfc062723c751e8b465ee728b)  -> (artifact id: '57afda70af4d0707e99dc981173b1df9') in 0.067410 seconds
  Import took 0.069873 seconds .

========================================================================
Received Import Request.
  Time since last request: 5.705490 seconds.
  path: Assets/Sprites/PuzzleImages/sennedjem_od_01.jpg
  artifactKey: Guid(46cbf2ff428c8fd48a6b432d1e2085f3) Importer(815301076,1909f56bfc062723c751e8b465ee728b)
Start importing Assets/Sprites/PuzzleImages/sennedjem_od_01.jpg using Guid(46cbf2ff428c8fd48a6b432d1e2085f3) Importer(815301076,1909f56bfc062723c751e8b465ee728b)  -> (artifact id: '280fe220a7cee20ec53668cee0ec89c4') in 0.026163 seconds
  Import took 0.029019 seconds .

========================================================================
Received Import Request.
  Time since last request: 6.101739 seconds.
  path: Assets/Sprites/PuzzleImages/sennedjem_se_03.jpg
  artifactKey: Guid(729b7754a9da16c45964057d909ff3d2) Importer(815301076,1909f56bfc062723c751e8b465ee728b)
Start importing Assets/Sprites/PuzzleImages/sennedjem_se_03.jpg using Guid(729b7754a9da16c45964057d909ff3d2) Importer(815301076,1909f56bfc062723c751e8b465ee728b)  -> (artifact id: '8bd40520b4cdc01a3ae511c0ab07da69') in 0.021873 seconds
  Import took 0.024532 seconds .

========================================================================
Received Prepare
Registering precompiled user dll's ...
Registered in 0.000910 seconds.
Begin MonoManager ReloadAssembly
Native extension for WindowsStandalone target not found
Refreshing native plugins compatible for Editor in 0.53 ms, found 0 plugins.
Preloading 0 native plugins for Editor in 0.00 ms.
Invoked RoslynAnalysisRunner static constructor.
RoslynAnalysisRunner will not be running.
RoslynAnalysisRunner has terminated.
Mono: successfully reloaded assembly
- Completed reload, in  1.001 seconds
Platform modules already initialized, skipping
Refreshing native plugins compatible for Editor in 0.50 ms, found 0 plugins.
Preloading 0 native plugins for Editor in 0.00 ms.
Unloading 1151 Unused Serialized files (Serialized files now loaded: 0)
System memory in use before: 62.3 MB.
System memory in use after: 62.4 MB.

Unloading 5 unused Assets to reduce memory usage. Loaded Objects now: 1659.
Total: 2.125900 ms (FindLiveObjects: 0.191800 ms CreateObjectMapping: 0.036000 ms MarkObjects: 1.822300 ms  DeleteObjects: 0.074400 ms)

========================================================================
Received Import Request.
  Time since last request: 20.806429 seconds.
  path: Assets/Sprites/PuzzleImages/Tomb-of-Amenherkhepshef.jpg
  artifactKey: Guid(7ff6f6c16209f984cb39da377948a5d6) Importer(815301076,1909f56bfc062723c751e8b465ee728b)
Start importing Assets/Sprites/PuzzleImages/Tomb-of-Amenherkhepshef.jpg using Guid(7ff6f6c16209f984cb39da377948a5d6) Importer(815301076,1909f56bfc062723c751e8b465ee728b)  -> (artifact id: '304630a7b8993bf934c68ed99ef33566') in 0.073059 seconds
  Import took 0.075870 seconds .

========================================================================
Received Import Request.
  Time since last request: 4256.979761 seconds.
  path: Assets/Scenes/StartMenuScene.unity
  artifactKey: Guid(85a2f50dcf5a7b44fa9f6200d70ba615) Importer(815301076,1909f56bfc062723c751e8b465ee728b)
Start importing Assets/Scenes/StartMenuScene.unity using Guid(85a2f50dcf5a7b44fa9f6200d70ba615) Importer(815301076,1909f56bfc062723c751e8b465ee728b)  -> (artifact id: 'fc7662341387a7a888f828aecb980bb9') in 0.010499 seconds
  Import took 0.013063 seconds .

========================================================================
Received Prepare
Registering precompiled user dll's ...
Registered in 0.001014 seconds.
Begin MonoManager ReloadAssembly
Native extension for WindowsStandalone target not found
Refreshing native plugins compatible for Editor in 0.29 ms, found 0 plugins.
Preloading 0 native plugins for Editor in 0.00 ms.
Invoked RoslynAnalysisRunner static constructor.
RoslynAnalysisRunner will not be running.
RoslynAnalysisRunner has terminated.
Mono: successfully reloaded assembly
- Completed reload, in  0.994 seconds
Platform modules already initialized, skipping
Refreshing native plugins compatible for Editor in 0.26 ms, found 0 plugins.
Preloading 0 native plugins for Editor in 0.00 ms.
Unloading 1151 Unused Serialized files (Serialized files now loaded: 0)
System memory in use before: 62.4 MB.
System memory in use after: 62.4 MB.

Unloading 5 unused Assets to reduce memory usage. Loaded Objects now: 1663.
Total: 2.592200 ms (FindLiveObjects: 0.200700 ms CreateObjectMapping: 0.035400 ms MarkObjects: 2.242600 ms  DeleteObjects: 0.112500 ms)

========================================================================
Received Import Request.
  Time since last request: 724.725882 seconds.
  path: Assets/Scenes/SampleScene.unity
  artifactKey: Guid(9fc0d4010bbf28b4594072e72b8655ab) Importer(815301076,1909f56bfc062723c751e8b465ee728b)
Start importing Assets/Scenes/SampleScene.unity using Guid(9fc0d4010bbf28b4594072e72b8655ab) Importer(815301076,1909f56bfc062723c751e8b465ee728b)  -> (artifact id: 'c95bf4fbb260619d592ff3d3e2240e3f') in 0.024985 seconds
  Import took 0.027872 seconds .

========================================================================
Received Import Request.
  Time since last request: 114.266964 seconds.
  path: Assets/Scripts/PiecesScript.cs
  artifactKey: Guid(d640f7770b7c9734b9a7ce5671ffc5bd) Importer(815301076,1909f56bfc062723c751e8b465ee728b)
Start importing Assets/Scripts/PiecesScript.cs using Guid(d640f7770b7c9734b9a7ce5671ffc5bd) Importer(815301076,1909f56bfc062723c751e8b465ee728b)  -> (artifact id: '92aa55d7a854e6b7d8df0cca5f2cd532') in 0.015926 seconds
  Import took 0.020126 seconds .

========================================================================
Received Import Request.
  Time since last request: 0.017076 seconds.
  path: Assets/Scripts/PiecesScript.cs
  artifactKey: Guid(d640f7770b7c9734b9a7ce5671ffc5bd) Importer(815301076,1909f56bfc062723c751e8b465ee728b)
Start importing Assets/Scripts/PiecesScript.cs using Guid(d640f7770b7c9734b9a7ce5671ffc5bd) Importer(815301076,1909f56bfc062723c751e8b465ee728b)  -> (artifact id: '92aa55d7a854e6b7d8df0cca5f2cd532') in 0.003589 seconds
  Import took 0.005884 seconds .

========================================================================
Received Import Request.
  Time since last request: 3.100453 seconds.
  path: Assets/Scripts/PuzzleSelect.cs
  artifactKey: Guid(7a98bafc2cff8904baf6ea0eb5a26d92) Importer(815301076,1909f56bfc062723c751e8b465ee728b)
Start importing Assets/Scripts/PuzzleSelect.cs using Guid(7a98bafc2cff8904baf6ea0eb5a26d92) Importer(815301076,1909f56bfc062723c751e8b465ee728b)  -> (artifact id: '105c01ab17b329721232af61a530cf0f') in 0.010389 seconds
  Import took 0.012777 seconds .

========================================================================
Received Import Request.
  Time since last request: 0.000772 seconds.
  path: Assets/Scripts/PuzzleSelect.cs
  artifactKey: Guid(7a98bafc2cff8904baf6ea0eb5a26d92) Importer(815301076,1909f56bfc062723c751e8b465ee728b)
Start importing Assets/Scripts/PuzzleSelect.cs using Guid(7a98bafc2cff8904baf6ea0eb5a26d92) Importer(815301076,1909f56bfc062723c751e8b465ee728b)  -> (artifact id: '105c01ab17b329721232af61a530cf0f') in 0.004016 seconds
  Import took 0.007014 seconds .

========================================================================
Received Import Request.
  Time since last request: 3.121986 seconds.
  path: Assets/Scripts/PuzzleHint.cs
  artifactKey: Guid(a5e78e969fc74244db996bb7a0078c5e) Importer(815301076,1909f56bfc062723c751e8b465ee728b)
Start importing Assets/Scripts/PuzzleHint.cs using Guid(a5e78e969fc74244db996bb7a0078c5e) Importer(815301076,1909f56bfc062723c751e8b465ee728b)  -> (artifact id: '12db42c1cf78b757eca4371996a3cd38') in 0.009673 seconds
  Import took 0.012544 seconds .

========================================================================
Received Import Request.
  Time since last request: 0.002362 seconds.
  path: Assets/Scripts/PuzzleHint.cs
  artifactKey: Guid(a5e78e969fc74244db996bb7a0078c5e) Importer(815301076,1909f56bfc062723c751e8b465ee728b)
Start importing Assets/Scripts/PuzzleHint.cs using Guid(a5e78e969fc74244db996bb7a0078c5e) Importer(815301076,1909f56bfc062723c751e8b465ee728b)  -> (artifact id: '12db42c1cf78b757eca4371996a3cd38') in 0.003777 seconds
  Import took 0.006639 seconds .

========================================================================
Received Import Request.
  Time since last request: 1.012731 seconds.
  path: Assets/Scripts/DragAndDrop.cs
  artifactKey: Guid(6dd21dec2f37c6c489c8504cc9a4531d) Importer(815301076,1909f56bfc062723c751e8b465ee728b)
Start importing Assets/Scripts/DragAndDrop.cs using Guid(6dd21dec2f37c6c489c8504cc9a4531d) Importer(815301076,1909f56bfc062723c751e8b465ee728b)  -> (artifact id: 'aba739de4ad85c5716032658e944fdac') in 0.010280 seconds
  Import took 0.013052 seconds .

========================================================================
Received Import Request.
  Time since last request: 0.002814 seconds.
  path: Assets/Scripts/DragAndDrop.cs
  artifactKey: Guid(6dd21dec2f37c6c489c8504cc9a4531d) Importer(815301076,1909f56bfc062723c751e8b465ee728b)
Start importing Assets/Scripts/DragAndDrop.cs using Guid(6dd21dec2f37c6c489c8504cc9a4531d) Importer(815301076,1909f56bfc062723c751e8b465ee728b)  -> (artifact id: 'aba739de4ad85c5716032658e944fdac') in 0.003641 seconds
  Import took 0.006154 seconds .

========================================================================
Received Import Request.
  Time since last request: 3243.223005 seconds.
  path: Assets/Sprites/PuzzleImages/sennedjem_entrywall_e.jpg
  artifactKey: Guid(7f490a8dc89c4d843845eb264e1f745b) Importer(815301076,1909f56bfc062723c751e8b465ee728b)
Start importing Assets/Sprites/PuzzleImages/sennedjem_entrywall_e.jpg using Guid(7f490a8dc89c4d843845eb264e1f745b) Importer(815301076,1909f56bfc062723c751e8b465ee728b)  -> (artifact id: 'e9f46ca64fe991c5cbfcd756939e835e') in 0.039548 seconds
  Import took 0.042133 seconds .

========================================================================
Received Import Request.
  Time since last request: 1.578710 seconds.
  path: Assets/Sprites/PuzzleImages/sennedjem_od_01.jpg
  artifactKey: Guid(46cbf2ff428c8fd48a6b432d1e2085f3) Importer(815301076,1909f56bfc062723c751e8b465ee728b)
Start importing Assets/Sprites/PuzzleImages/sennedjem_od_01.jpg using Guid(46cbf2ff428c8fd48a6b432d1e2085f3) Importer(815301076,1909f56bfc062723c751e8b465ee728b)  -> (artifact id: '532950275ef8ec605b6622d5b46d6a1b') in 0.018387 seconds
  Import took 0.021035 seconds .

========================================================================
Received Import Request.
  Time since last request: 1.368330 seconds.
  path: Assets/Sprites/PuzzleImages/sennedjem_se_03.jpg
  artifactKey: Guid(729b7754a9da16c45964057d909ff3d2) Importer(815301076,1909f56bfc062723c751e8b465ee728b)
Start importing Assets/Sprites/PuzzleImages/sennedjem_se_03.jpg using Guid(729b7754a9da16c45964057d909ff3d2) Importer(815301076,1909f56bfc062723c751e8b465ee728b)  -> (artifact id: '8e1e0bbd10d6808075c0813a12fa39c7') in 0.014552 seconds
  Import took 0.016953 seconds .

========================================================================
Received Import Request.
  Time since last request: 11.412496 seconds.
  path: Assets/Sprites/PuzzleImages/sennedjem_entrywall_e.jpg
  artifactKey: Guid(7f490a8dc89c4d843845eb264e1f745b) Importer(815301076,1909f56bfc062723c751e8b465ee728b)
Start importing Assets/Sprites/PuzzleImages/sennedjem_entrywall_e.jpg using Guid(7f490a8dc89c4d843845eb264e1f745b) Importer(815301076,1909f56bfc062723c751e8b465ee728b)  -> (artifact id: 'ba29c28fe98cffffa220f3d69147c514') in 0.039588 seconds
  Import took 0.041984 seconds .

========================================================================
Received Import Request.
  Time since last request: 10.506396 seconds.
  path: Assets/Sprites/PuzzleImages/sennedjem_entrywall_e.jpg
  artifactKey: Guid(7f490a8dc89c4d843845eb264e1f745b) Importer(815301076,1909f56bfc062723c751e8b465ee728b)
Start importing Assets/Sprites/PuzzleImages/sennedjem_entrywall_e.jpg using Guid(7f490a8dc89c4d843845eb264e1f745b) Importer(815301076,1909f56bfc062723c751e8b465ee728b)  -> (artifact id: '51c18188cbac6298d34d446ba2706686') in 0.023027 seconds
  Import took 0.025650 seconds .

========================================================================
Received Import Request.
  Time since last request: 6.096857 seconds.
  path: Assets/Sprites/PuzzleImages/sennedjem_od_01.jpg
  artifactKey: Guid(46cbf2ff428c8fd48a6b432d1e2085f3) Importer(815301076,1909f56bfc062723c751e8b465ee728b)
Start importing Assets/Sprites/PuzzleImages/sennedjem_od_01.jpg using Guid(46cbf2ff428c8fd48a6b432d1e2085f3) Importer(815301076,1909f56bfc062723c751e8b465ee728b)  -> (artifact id: '1dd42cf16b62ba96f02bacf05068a5a7') in 0.025506 seconds
  Import took 0.028029 seconds .

========================================================================
Received Import Request.
  Time since last request: 8.856233 seconds.
  path: Assets/Sprites/PuzzleImages/sennedjem_se_03.jpg
  artifactKey: Guid(729b7754a9da16c45964057d909ff3d2) Importer(815301076,1909f56bfc062723c751e8b465ee728b)
Start importing Assets/Sprites/PuzzleImages/sennedjem_se_03.jpg using Guid(729b7754a9da16c45964057d909ff3d2) Importer(815301076,1909f56bfc062723c751e8b465ee728b)  -> (artifact id: '9dcfb744be7f33504664eae86144232d') in 0.022570 seconds
  Import took 0.025165 seconds .

========================================================================
Received Prepare
Registering precompiled user dll's ...
Registered in 0.000903 seconds.
Begin MonoManager ReloadAssembly
Native extension for WindowsStandalone target not found
Refreshing native plugins compatible for Editor in 0.27 ms, found 0 plugins.
Preloading 0 native plugins for Editor in 0.00 ms.
Invoked RoslynAnalysisRunner static constructor.
RoslynAnalysisRunner will not be running.
RoslynAnalysisRunner has terminated.
Mono: successfully reloaded assembly
- Completed reload, in  0.968 seconds
Platform modules already initialized, skipping
Refreshing native plugins compatible for Editor in 0.26 ms, found 0 plugins.
Preloading 0 native plugins for Editor in 0.00 ms.
Unloading 1151 Unused Serialized files (Serialized files now loaded: 0)
System memory in use before: 62.4 MB.
System memory in use after: 62.5 MB.

Unloading 5 unused Assets to reduce memory usage. Loaded Objects now: 1667.
Total: 1.934300 ms (FindLiveObjects: 0.188600 ms CreateObjectMapping: 0.038900 ms MarkObjects: 1.636200 ms  DeleteObjects: 0.069300 ms)

AssetImportWorkerClient::OnTransportError - code=2 error=End of file
