Using pre-set license
Built from '2020.3/staging' branch; Version is '2020.3.3f1 (76626098c1c4) revision 7758432'; Using compiler version '192528614'; Build Type 'Release'
OS: 'Windows 10 Pro; OS build 19042.985; Version 2009; 64bit' Language: 'en' Physical Memory: 49084 MB
BatchMode: 1, IsHumanControllingUs: 0, StartBugReporterOnCrash: 0, Is64bit: 1, IsPro: 0

 COMMAND LINE ARGUMENTS:
C:\Program Files\Unity\Hub\Editor\2020.3.3f1\Editor\Unity.exe
-adb2
-batchMode
-noUpm
-name
AssetImportWorker0
-projectPath
C:/Users/Katie/Documents/Capstone/AncientPuzzles
-logFile
Logs/AssetImportWorker0.log
-srvPort
51270
Successfully changed project path to: C:/Users/Katie/Documents/Capstone/AncientPuzzles
C:/Users/Katie/Documents/Capstone/AncientPuzzles
Using Asset Import Pipeline V2.
Refreshing native plugins compatible for Editor in 28.40 ms, found 0 plugins.
Preloading 0 native plugins for Editor in 0.00 ms.
Initialize engine version: 2020.3.3f1 (76626098c1c4)
[Subsystems] Discovering subsystems at path C:/Program Files/Unity/Hub/Editor/2020.3.3f1/Editor/Data/Resources/UnitySubsystems
[Subsystems] Discovering subsystems at path C:/Users/Katie/Documents/Capstone/AncientPuzzles/Assets
GfxDevice: creating device client; threaded=0
Direct3D:
    Version:  Direct3D 11.0 [level 11.1]
    Renderer: NVIDIA GeForce RTX 2060 (ID=0x1e89)
    Vendor:   
    VRAM:     5967 MB
    Driver:   27.21.14.5751
Initialize mono
Mono path[0] = 'C:/Program Files/Unity/Hub/Editor/2020.3.3f1/Editor/Data/Managed'
Mono path[1] = 'C:/Program Files/Unity/Hub/Editor/2020.3.3f1/Editor/Data/MonoBleedingEdge/lib/mono/unityjit'
Mono config path = 'C:/Program Files/Unity/Hub/Editor/2020.3.3f1/Editor/Data/MonoBleedingEdge/etc'
Using monoOptions --debugger-agent=transport=dt_socket,embedding=1,server=y,suspend=n,address=127.0.0.1:56340
Begin MonoManager ReloadAssembly
Registering precompiled unity dll's ...
Register platform support module: C:/Program Files/Unity/Hub/Editor/2020.3.3f1/Editor/Data/PlaybackEngines/WindowsStandaloneSupport/UnityEditor.WindowsStandalone.Extensions.dll
Registered in 0.002862 seconds.
Native extension for WindowsStandalone target not found
Refreshing native plugins compatible for Editor in 28.32 ms, found 0 plugins.
Preloading 0 native plugins for Editor in 0.00 ms.
Invoked RoslynAnalysisRunner static constructor.
RoslynAnalysisRunner will not be running.
RoslynAnalysisRunner has terminated.
Mono: successfully reloaded assembly
- Completed reload, in  1.444 seconds
Platform modules already initialized, skipping
Registering precompiled user dll's ...
Registered in 0.000966 seconds.
Begin MonoManager ReloadAssembly
Native extension for WindowsStandalone target not found
Refreshing native plugins compatible for Editor in 0.29 ms, found 0 plugins.
Preloading 0 native plugins for Editor in 0.00 ms.
Invoked RoslynAnalysisRunner static constructor.
RoslynAnalysisRunner will not be running.
RoslynAnalysisRunner has terminated.
Mono: successfully reloaded assembly
- Completed reload, in  1.029 seconds
Platform modules already initialized, skipping
========================================================================
Worker process is ready to serve import requests
Launched and connected shader compiler UnityShaderCompiler.exe after 0.05 seconds
Refreshing native plugins compatible for Editor in 0.23 ms, found 0 plugins.
Preloading 0 native plugins for Editor in 0.00 ms.
Unloading 1115 Unused Serialized files (Serialized files now loaded: 0)
System memory in use before: 57.1 MB.
System memory in use after: 57.1 MB.

Unloading 10 unused Assets to reduce memory usage. Loaded Objects now: 1557.
Total: 2.335100 ms (FindLiveObjects: 0.189300 ms CreateObjectMapping: 0.032100 ms MarkObjects: 2.013900 ms  DeleteObjects: 0.098500 ms)

========================================================================
Received Import Request.
  path: Assets/Sprites
  artifactKey: Guid(3d321450ac6a0724c99bdc43c95af872) Importer(815301076,1909f56bfc062723c751e8b465ee728b)
Start importing Assets/Sprites using Guid(3d321450ac6a0724c99bdc43c95af872) Importer(815301076,1909f56bfc062723c751e8b465ee728b)  -> (artifact id: 'd54bd6f33cebdb13f094debc36105a32') in 0.010315 seconds
  Import took 0.012563 seconds .

========================================================================
Received Import Request.
  Time since last request: 6.479280 seconds.
  path: Assets/New Folder
  artifactKey: Guid(236bcbed84f82984b9c0f413c8fc9f94) Importer(815301076,1909f56bfc062723c751e8b465ee728b)
Start importing Assets/New Folder using Guid(236bcbed84f82984b9c0f413c8fc9f94) Importer(815301076,1909f56bfc062723c751e8b465ee728b)  -> (artifact id: '439cc1eccd6b476b69c331c4a53797e2') in 0.008958 seconds
  Import took 0.011224 seconds .

========================================================================
Received Import Request.
  Time since last request: 7.054288 seconds.
  path: Assets/Scripts
  artifactKey: Guid(236bcbed84f82984b9c0f413c8fc9f94) Importer(815301076,1909f56bfc062723c751e8b465ee728b)
Start importing Assets/Scripts using Guid(236bcbed84f82984b9c0f413c8fc9f94) Importer(815301076,1909f56bfc062723c751e8b465ee728b)  -> (artifact id: 'fac3a33aa5edfdb9da5f0c56581d7a0d') in 0.012349 seconds
  Import took 0.014651 seconds .

========================================================================
Received Import Request.
  Time since last request: 60.266936 seconds.
  path: Assets/Sprites/60fc781a3d500c9a10cf109e657e.jpeg
  artifactKey: Guid(0a269960ccfbb7944884bd42ab8a536f) Importer(815301076,1909f56bfc062723c751e8b465ee728b)
Start importing Assets/Sprites/60fc781a3d500c9a10cf109e657e.jpeg using Guid(0a269960ccfbb7944884bd42ab8a536f) Importer(815301076,1909f56bfc062723c751e8b465ee728b)  -> (artifact id: 'ff0a0e13ce8c3a042cde8feba4247461') in 0.155205 seconds
  Import took 0.157580 seconds .

========================================================================
Received Import Request.
  Time since last request: 0.000238 seconds.
  path: Assets/Sprites/ramses1HorusSQ.jpg
  artifactKey: Guid(4dacc32a9d0b1bd438abdf7d2b158876) Importer(815301076,1909f56bfc062723c751e8b465ee728b)
Start importing Assets/Sprites/ramses1HorusSQ.jpg using Guid(4dacc32a9d0b1bd438abdf7d2b158876) Importer(815301076,1909f56bfc062723c751e8b465ee728b)  -> (artifact id: '287e708d9b6624f0d2aa9869972bf584') in 0.023794 seconds
  Import took 0.025869 seconds .

========================================================================
Received Import Request.
  Time since last request: 0.000238 seconds.
  path: Assets/Sprites/BookOTDeadAnubusSQ.jpg
  artifactKey: Guid(9218f51406e74bf4c9523e2e376e5d9c) Importer(815301076,1909f56bfc062723c751e8b465ee728b)
Start importing Assets/Sprites/BookOTDeadAnubusSQ.jpg using Guid(9218f51406e74bf4c9523e2e376e5d9c) Importer(815301076,1909f56bfc062723c751e8b465ee728b)  -> (artifact id: 'a12d1670488889061549a23e9a3b591d') in 0.020082 seconds
  Import took 0.022513 seconds .

========================================================================
Received Import Request.
  Time since last request: 0.000230 seconds.
  path: Assets/Sprites/Puzzle.jpg
  artifactKey: Guid(5bc08ea01ed8cba4a8463a05005c140b) Importer(815301076,1909f56bfc062723c751e8b465ee728b)
Start importing Assets/Sprites/Puzzle.jpg using Guid(5bc08ea01ed8cba4a8463a05005c140b) Importer(815301076,1909f56bfc062723c751e8b465ee728b)  -> (artifact id: 'edc4f330cda4c5bc15ff531b271e6be7') in 0.023746 seconds
  Import took 0.025718 seconds .

========================================================================
Received Import Request.
  Time since last request: 0.000225 seconds.
  path: Assets/Sprites/Puzzle 1.jpg
  artifactKey: Guid(5391a790ace58b8499d673d162b1966a) Importer(815301076,1909f56bfc062723c751e8b465ee728b)
Start importing Assets/Sprites/Puzzle 1.jpg using Guid(5391a790ace58b8499d673d162b1966a) Importer(815301076,1909f56bfc062723c751e8b465ee728b)  -> (artifact id: '3ad31ba28d1c3bcaf60bb38a5d19dcdc') in 0.018084 seconds
  Import took 0.020083 seconds .

========================================================================
Received Import Request.
  Time since last request: 0.000352 seconds.
  path: Assets/Sprites/background2.jpg
  artifactKey: Guid(b00d2f57bbd433046b5c2a465361d4fd) Importer(815301076,1909f56bfc062723c751e8b465ee728b)
Start importing Assets/Sprites/background2.jpg using Guid(b00d2f57bbd433046b5c2a465361d4fd) Importer(815301076,1909f56bfc062723c751e8b465ee728b)  -> (artifact id: '331f0f14c53151b3788a3d4e2d22d420') in 0.046011 seconds
  Import took 0.048666 seconds .

========================================================================
Received Import Request.
  Time since last request: 0.000223 seconds.
  path: Assets/Sprites/Pieces.png
  artifactKey: Guid(109b7d75b5d2a5941bcec45918452454) Importer(815301076,1909f56bfc062723c751e8b465ee728b)
Start importing Assets/Sprites/Pieces.png using Guid(109b7d75b5d2a5941bcec45918452454) Importer(815301076,1909f56bfc062723c751e8b465ee728b)  -> (artifact id: 'dbb39e0758fe5d48fcbb44d3839ebf74') in 0.037130 seconds
  Import took 0.039235 seconds .

========================================================================
Received Import Request.
  Time since last request: 0.000235 seconds.
  path: Assets/Sprites/background1.jpg
  artifactKey: Guid(07161b4c28c9a36479ec2a77865cb120) Importer(815301076,1909f56bfc062723c751e8b465ee728b)
Start importing Assets/Sprites/background1.jpg using Guid(07161b4c28c9a36479ec2a77865cb120) Importer(815301076,1909f56bfc062723c751e8b465ee728b)  -> (artifact id: 'e1796f28b2003161ff4696df553b3aae') in 0.030049 seconds
  Import took 0.032281 seconds .

========================================================================
Received Import Request.
  Time since last request: 3503.064210 seconds.
  path: Assets/Scripts/DragAndDrop.cs
  artifactKey: Guid(6dd21dec2f37c6c489c8504cc9a4531d) Importer(815301076,1909f56bfc062723c751e8b465ee728b)
Start importing Assets/Scripts/DragAndDrop.cs using Guid(6dd21dec2f37c6c489c8504cc9a4531d) Importer(815301076,1909f56bfc062723c751e8b465ee728b)  -> (artifact id: '3e74e050e0ddf55e97e28514c0170d66') in 0.019167 seconds
  Import took 0.022362 seconds .

========================================================================
Received Prepare
Registering precompiled user dll's ...
Registered in 0.000906 seconds.
Begin MonoManager ReloadAssembly
Native extension for WindowsStandalone target not found
Refreshing native plugins compatible for Editor in 0.24 ms, found 0 plugins.
Preloading 0 native plugins for Editor in 0.00 ms.
Invoked RoslynAnalysisRunner static constructor.
RoslynAnalysisRunner will not be running.
RoslynAnalysisRunner has terminated.
Mono: successfully reloaded assembly
- Completed reload, in  1.046 seconds
Platform modules already initialized, skipping
Refreshing native plugins compatible for Editor in 0.24 ms, found 0 plugins.
Preloading 0 native plugins for Editor in 0.00 ms.
Unloading 1111 Unused Serialized files (Serialized files now loaded: 0)
System memory in use before: 60.1 MB.
System memory in use after: 60.2 MB.

Unloading 5 unused Assets to reduce memory usage. Loaded Objects now: 1580.
Total: 2.017500 ms (FindLiveObjects: 0.169900 ms CreateObjectMapping: 0.036400 ms MarkObjects: 1.736200 ms  DeleteObjects: 0.073800 ms)

========================================================================
Received Import Request.
  Time since last request: 157.016890 seconds.
  path: Assets/Scripts/DragAndDrop.cs
  artifactKey: Guid(6dd21dec2f37c6c489c8504cc9a4531d) Importer(815301076,1909f56bfc062723c751e8b465ee728b)
Start importing Assets/Scripts/DragAndDrop.cs using Guid(6dd21dec2f37c6c489c8504cc9a4531d) Importer(815301076,1909f56bfc062723c751e8b465ee728b)  -> (artifact id: '8c8296d918d4c598851eab7b0537eac4') in 0.006487 seconds
  Import took 0.009109 seconds .

========================================================================
Received Prepare
Registering precompiled user dll's ...
Registered in 0.000879 seconds.
Begin MonoManager ReloadAssembly
Native extension for WindowsStandalone target not found
Refreshing native plugins compatible for Editor in 0.24 ms, found 0 plugins.
Preloading 0 native plugins for Editor in 0.00 ms.
Invoked RoslynAnalysisRunner static constructor.
RoslynAnalysisRunner will not be running.
RoslynAnalysisRunner has terminated.
Mono: successfully reloaded assembly
- Completed reload, in  0.943 seconds
Platform modules already initialized, skipping
Refreshing native plugins compatible for Editor in 0.24 ms, found 0 plugins.
Preloading 0 native plugins for Editor in 0.00 ms.
Unloading 1111 Unused Serialized files (Serialized files now loaded: 0)
System memory in use before: 60.2 MB.
System memory in use after: 60.3 MB.

Unloading 5 unused Assets to reduce memory usage. Loaded Objects now: 1583.
Total: 1.889800 ms (FindLiveObjects: 0.166600 ms CreateObjectMapping: 0.033500 ms MarkObjects: 1.622500 ms  DeleteObjects: 0.065900 ms)

========================================================================
Received Prepare
Registering precompiled user dll's ...
Registered in 0.000976 seconds.
Begin MonoManager ReloadAssembly
Native extension for WindowsStandalone target not found
Refreshing native plugins compatible for Editor in 0.24 ms, found 0 plugins.
Preloading 0 native plugins for Editor in 0.00 ms.
Invoked RoslynAnalysisRunner static constructor.
RoslynAnalysisRunner will not be running.
RoslynAnalysisRunner has terminated.
Mono: successfully reloaded assembly
- Completed reload, in  0.981 seconds
Platform modules already initialized, skipping
Refreshing native plugins compatible for Editor in 0.23 ms, found 0 plugins.
Preloading 0 native plugins for Editor in 0.00 ms.
Unloading 1111 Unused Serialized files (Serialized files now loaded: 0)
System memory in use before: 60.2 MB.
System memory in use after: 60.3 MB.

Unloading 5 unused Assets to reduce memory usage. Loaded Objects now: 1586.
Total: 1.865400 ms (FindLiveObjects: 0.169400 ms CreateObjectMapping: 0.030800 ms MarkObjects: 1.600400 ms  DeleteObjects: 0.063500 ms)

========================================================================
Received Prepare
Registering precompiled user dll's ...
Registered in 0.000805 seconds.
Begin MonoManager ReloadAssembly
Native extension for WindowsStandalone target not found
Refreshing native plugins compatible for Editor in 0.24 ms, found 0 plugins.
Preloading 0 native plugins for Editor in 0.00 ms.
Invoked RoslynAnalysisRunner static constructor.
RoslynAnalysisRunner will not be running.
RoslynAnalysisRunner has terminated.
Mono: successfully reloaded assembly
- Completed reload, in  0.946 seconds
Platform modules already initialized, skipping
Refreshing native plugins compatible for Editor in 0.24 ms, found 0 plugins.
Preloading 0 native plugins for Editor in 0.00 ms.
Unloading 1111 Unused Serialized files (Serialized files now loaded: 0)
System memory in use before: 60.2 MB.
System memory in use after: 60.3 MB.

Unloading 5 unused Assets to reduce memory usage. Loaded Objects now: 1589.
Total: 1.870800 ms (FindLiveObjects: 0.169100 ms CreateObjectMapping: 0.037700 ms MarkObjects: 1.597300 ms  DeleteObjects: 0.065200 ms)

========================================================================
Received Import Request.
  Time since last request: 383.134911 seconds.
  path: ProjectSettings/TagManager.asset
  artifactKey: Guid(00000000000000003000000000000000) Importer(815301076,1909f56bfc062723c751e8b465ee728b)
Start importing ProjectSettings/TagManager.asset using Guid(00000000000000003000000000000000) Importer(815301076,1909f56bfc062723c751e8b465ee728b)  -> (artifact id: '9274ce4079a5137dd04f6e6c4d809583') in 0.022621 seconds
  Import took 0.025063 seconds .

========================================================================
Received Prepare
Registering precompiled user dll's ...
Registered in 0.000922 seconds.
Begin MonoManager ReloadAssembly
Native extension for WindowsStandalone target not found
Refreshing native plugins compatible for Editor in 0.25 ms, found 0 plugins.
Preloading 0 native plugins for Editor in 0.00 ms.
Invoked RoslynAnalysisRunner static constructor.
RoslynAnalysisRunner will not be running.
RoslynAnalysisRunner has terminated.
Mono: successfully reloaded assembly
- Completed reload, in  1.010 seconds
Platform modules already initialized, skipping
Refreshing native plugins compatible for Editor in 0.25 ms, found 0 plugins.
Preloading 0 native plugins for Editor in 0.00 ms.
Unloading 1111 Unused Serialized files (Serialized files now loaded: 0)
System memory in use before: 60.2 MB.
System memory in use after: 60.3 MB.

Unloading 6 unused Assets to reduce memory usage. Loaded Objects now: 1592.
Total: 2.070500 ms (FindLiveObjects: 0.231200 ms CreateObjectMapping: 0.040400 ms MarkObjects: 1.725000 ms  DeleteObjects: 0.072500 ms)

========================================================================
Received Prepare
Registering precompiled user dll's ...
Registered in 0.000910 seconds.
Begin MonoManager ReloadAssembly
Native extension for WindowsStandalone target not found
Refreshing native plugins compatible for Editor in 0.24 ms, found 0 plugins.
Preloading 0 native plugins for Editor in 0.00 ms.
Invoked RoslynAnalysisRunner static constructor.
RoslynAnalysisRunner will not be running.
RoslynAnalysisRunner has terminated.
Mono: successfully reloaded assembly
- Completed reload, in  0.945 seconds
Platform modules already initialized, skipping
Refreshing native plugins compatible for Editor in 0.24 ms, found 0 plugins.
Preloading 0 native plugins for Editor in 0.00 ms.
Unloading 1111 Unused Serialized files (Serialized files now loaded: 0)
System memory in use before: 60.2 MB.
System memory in use after: 60.3 MB.

Unloading 5 unused Assets to reduce memory usage. Loaded Objects now: 1595.
Total: 1.919700 ms (FindLiveObjects: 0.178900 ms CreateObjectMapping: 0.036600 ms MarkObjects: 1.627600 ms  DeleteObjects: 0.075300 ms)

========================================================================
Received Import Request.
  Time since last request: 373.519785 seconds.
  path: Assets/Scripts/DragAndDrop.cs
  artifactKey: Guid(6dd21dec2f37c6c489c8504cc9a4531d) Importer(815301076,1909f56bfc062723c751e8b465ee728b)
Start importing Assets/Scripts/DragAndDrop.cs using Guid(6dd21dec2f37c6c489c8504cc9a4531d) Importer(815301076,1909f56bfc062723c751e8b465ee728b)  -> (artifact id: '1333a594c04cdfe1f2363e29ab82b9b6') in 0.005353 seconds
  Import took 0.007692 seconds .

========================================================================
Received Prepare
Registering precompiled user dll's ...
Registered in 0.001112 seconds.
Begin MonoManager ReloadAssembly
Native extension for WindowsStandalone target not found
Refreshing native plugins compatible for Editor in 0.23 ms, found 0 plugins.
Preloading 0 native plugins for Editor in 0.00 ms.
Invoked RoslynAnalysisRunner static constructor.
RoslynAnalysisRunner will not be running.
RoslynAnalysisRunner has terminated.
Mono: successfully reloaded assembly
- Completed reload, in  0.941 seconds
Platform modules already initialized, skipping
Refreshing native plugins compatible for Editor in 0.24 ms, found 0 plugins.
Preloading 0 native plugins for Editor in 0.00 ms.
Unloading 1111 Unused Serialized files (Serialized files now loaded: 0)
System memory in use before: 60.2 MB.
System memory in use after: 60.3 MB.

Unloading 5 unused Assets to reduce memory usage. Loaded Objects now: 1598.
Total: 2.026800 ms (FindLiveObjects: 0.216900 ms CreateObjectMapping: 0.039800 ms MarkObjects: 1.695400 ms  DeleteObjects: 0.073400 ms)

========================================================================
Received Import Request.
  Time since last request: 205.967781 seconds.
  path: ProjectSettings/TagManager.asset
  artifactKey: Guid(00000000000000003000000000000000) Importer(815301076,1909f56bfc062723c751e8b465ee728b)
Start importing ProjectSettings/TagManager.asset using Guid(00000000000000003000000000000000) Importer(815301076,1909f56bfc062723c751e8b465ee728b)  -> (artifact id: '893e0d3fbe407015a8273d9164c0ece9') in 0.014777 seconds
  Import took 0.017347 seconds .

========================================================================
Received Prepare
Registering precompiled user dll's ...
Registered in 0.000870 seconds.
Begin MonoManager ReloadAssembly
Native extension for WindowsStandalone target not found
Refreshing native plugins compatible for Editor in 0.25 ms, found 0 plugins.
Preloading 0 native plugins for Editor in 0.00 ms.
Invoked RoslynAnalysisRunner static constructor.
RoslynAnalysisRunner will not be running.
RoslynAnalysisRunner has terminated.
Mono: successfully reloaded assembly
- Completed reload, in  0.975 seconds
Platform modules already initialized, skipping
Refreshing native plugins compatible for Editor in 0.25 ms, found 0 plugins.
Preloading 0 native plugins for Editor in 0.00 ms.
Unloading 1111 Unused Serialized files (Serialized files now loaded: 0)
System memory in use before: 60.2 MB.
System memory in use after: 60.3 MB.

Unloading 6 unused Assets to reduce memory usage. Loaded Objects now: 1601.
Total: 2.231900 ms (FindLiveObjects: 0.258700 ms CreateObjectMapping: 0.040700 ms MarkObjects: 1.855200 ms  DeleteObjects: 0.075800 ms)

========================================================================
Received Prepare
Registering precompiled user dll's ...
Registered in 0.001009 seconds.
Begin MonoManager ReloadAssembly
Native extension for WindowsStandalone target not found
Refreshing native plugins compatible for Editor in 0.37 ms, found 0 plugins.
Preloading 0 native plugins for Editor in 0.00 ms.
Invoked RoslynAnalysisRunner static constructor.
RoslynAnalysisRunner will not be running.
RoslynAnalysisRunner has terminated.
Mono: successfully reloaded assembly
- Completed reload, in  0.997 seconds
Platform modules already initialized, skipping
Refreshing native plugins compatible for Editor in 0.26 ms, found 0 plugins.
Preloading 0 native plugins for Editor in 0.00 ms.
Unloading 1111 Unused Serialized files (Serialized files now loaded: 0)
System memory in use before: 60.2 MB.
System memory in use after: 60.3 MB.

Unloading 5 unused Assets to reduce memory usage. Loaded Objects now: 1604.
Total: 2.023700 ms (FindLiveObjects: 0.171300 ms CreateObjectMapping: 0.041300 ms MarkObjects: 1.746600 ms  DeleteObjects: 0.063500 ms)

========================================================================
Received Prepare
Registering precompiled user dll's ...
Registered in 0.000852 seconds.
Begin MonoManager ReloadAssembly
Native extension for WindowsStandalone target not found
Refreshing native plugins compatible for Editor in 0.24 ms, found 0 plugins.
Preloading 0 native plugins for Editor in 0.00 ms.
Invoked RoslynAnalysisRunner static constructor.
RoslynAnalysisRunner will not be running.
RoslynAnalysisRunner has terminated.
Mono: successfully reloaded assembly
- Completed reload, in  0.963 seconds
Platform modules already initialized, skipping
Refreshing native plugins compatible for Editor in 0.25 ms, found 0 plugins.
Preloading 0 native plugins for Editor in 0.00 ms.
Unloading 1111 Unused Serialized files (Serialized files now loaded: 0)
System memory in use before: 60.2 MB.
System memory in use after: 60.3 MB.

Unloading 5 unused Assets to reduce memory usage. Loaded Objects now: 1607.
Total: 2.035400 ms (FindLiveObjects: 0.189300 ms CreateObjectMapping: 0.032100 ms MarkObjects: 1.739200 ms  DeleteObjects: 0.073700 ms)

AssetImportWorkerClient::OnTransportError - code=2 error=End of file
